<?xml version="1.0" encoding="UTF-8"?>
<!-- Generated by org.testng.reporters.JUnitXMLReporter -->
<testsuite ignored="0" hostname="Ramas-MacBook-Pro.local" failures="2" tests="3" name="ErrorValidations" time="53.683" errors="0" timestamp="2026-03-07T13:45:18 CST">
  <testcase classname="standalone.tests.ErrorValidationsTest" name="loginErrorValidation" time="1.459">
    <skipped/>
  </testcase> <!-- loginErrorValidation -->
  <testcase classname="standalone.tests.ErrorValidationsTest" name="loginErrorValidation" time="0.691">
    <failure type="java.lang.AssertionError" message="expected [Incorrect email or password] but found [Incorrect email or password.]">
      <![CDATA[java.lang.AssertionError: expected [Incorrect email or password] but found [Incorrect email or password.]
at standalone.tests.ErrorValidationsTest.loginErrorValidation(ErrorValidationsTest.java:35)
at java.base/java.util.ArrayList.forEach(ArrayList.java:1596)
at java.base/java.util.concurrent.FutureTask.run(FutureTask.java:317)
at java.base/java.util.concurrent.ThreadPoolExecutor.runWorker(ThreadPoolExecutor.java:1144)
at java.base/java.util.concurrent.ThreadPoolExecutor$Worker.run(ThreadPoolExecutor.java:642)
at java.base/java.lang.Thread.run(Thread.java:1583)
... Removed 21 stack frames]]>
    </failure>
  </testcase> <!-- loginErrorValidation -->
  <testcase classname="standalone.tests.ErrorValidationsTest" name="productErrorValidation" time="25.267">
    <failure type="org.openqa.selenium.NoSuchElementException" message="no such element: Unable to locate element: {&amp;quot;method&amp;quot;:&amp;quot;css selector&amp;quot;,&amp;quot;selector&amp;quot;:&amp;quot;h3&amp;quot;}
  (Session info: chrome=145.0.7632.160)
For documentation on this error, please visit: https://www.selenium.dev/documentation/webdriver/troubleshooting/errors#no-such-element-exception
Build info: version: &amp;apos;4.33.0&amp;apos;, revision: &amp;apos;2c6aaad03a&amp;apos;
System info: os.name: &amp;apos;Mac OS X&amp;apos;, os.arch: &amp;apos;x86_64&amp;apos;, os.version: &amp;apos;13.7.8&amp;apos;, java.version: &amp;apos;21.0.5&amp;apos;
Driver info: org.openqa.selenium.chrome.ChromeDriver
Command: [d853a448ba9c74ce4767853caefa4231, findChildElement {using=css selector, id=f.A3B8791D0AFE0092F47B6A718F761129.d.ACAB85C68B4C2D384B7B0D497C7D28AF.e.89, value=h3}]
Capabilities {acceptInsecureCerts: false, browserName: chrome, browserVersion: 145.0.7632.160, chrome: {chromedriverVersion: 145.0.7632.117 (de4e5d6e13b..., userDataDir: /var/folders/8l/vqjpjg8d09v...}, fedcm:accounts: true, goog:chromeOptions: {debuggerAddress: localhost:51703}, goog:processID: 3986, networkConnectionEnabled: false, pageLoadStrategy: normal, platformName: mac, proxy: Proxy(), se:cdp: ws://localhost:51703/devtoo..., se:cdpVersion: 145.0.7632.160, setWindowRect: true, strictFileInteractability: false, timeouts: {implicit: 0, pageLoad: 300000, script: 30000}, unhandledPromptBehavior: dismiss and notify, webauthn:extension:credBlob: true, webauthn:extension:largeBlob: true, webauthn:extension:minPinLength: true, webauthn:extension:prf: true, webauthn:virtualAuthenticators: true}
Session ID: d853a448ba9c74ce4767853caefa4231">
      <![CDATA[org.openqa.selenium.NoSuchElementException: no such element: Unable to locate element: {"method":"css selector","selector":"h3"}
  (Session info: chrome=145.0.7632.160)
For documentation on this error, please visit: https://www.selenium.dev/documentation/webdriver/troubleshooting/errors#no-such-element-exception
Build info: version: '4.33.0', revision: '2c6aaad03a'
System info: os.name: 'Mac OS X', os.arch: 'x86_64', os.version: '13.7.8', java.version: '21.0.5'
Driver info: org.openqa.selenium.chrome.ChromeDriver
Command: [d853a448ba9c74ce4767853caefa4231, findChildElement {using=css selector, id=f.A3B8791D0AFE0092F47B6A718F761129.d.ACAB85C68B4C2D384B7B0D497C7D28AF.e.89, value=h3}]
Capabilities {acceptInsecureCerts: false, browserName: chrome, browserVersion: 145.0.7632.160, chrome: {chromedriverVersion: 145.0.7632.117 (de4e5d6e13b..., userDataDir: /var/folders/8l/vqjpjg8d09v...}, fedcm:accounts: true, goog:chromeOptions: {debuggerAddress: localhost:51703}, goog:processID: 3986, networkConnectionEnabled: false, pageLoadStrategy: normal, platformName: mac, proxy: Proxy(), se:cdp: ws://localhost:51703/devtoo..., se:cdpVersion: 145.0.7632.160, setWindowRect: true, strictFileInteractability: false, timeouts: {implicit: 0, pageLoad: 300000, script: 30000}, unhandledPromptBehavior: dismiss and notify, webauthn:extension:credBlob: true, webauthn:extension:largeBlob: true, webauthn:extension:minPinLength: true, webauthn:extension:prf: true, webauthn:virtualAuthenticators: true}
Session ID: d853a448ba9c74ce4767853caefa4231
at org.openqa.selenium.remote.ErrorCodec.decode(ErrorCodec.java:167)
at org.openqa.selenium.remote.codec.w3c.W3CHttpResponseCodec.decode(W3CHttpResponseCodec.java:138)
at org.openqa.selenium.remote.codec.w3c.W3CHttpResponseCodec.decode(W3CHttpResponseCodec.java:50)
at org.openqa.selenium.remote.HttpCommandExecutor.execute(HttpCommandExecutor.java:215)
at org.openqa.selenium.remote.service.DriverCommandExecutor.invokeExecute(DriverCommandExecutor.java:216)
at org.openqa.selenium.remote.service.DriverCommandExecutor.execute(DriverCommandExecutor.java:174)
at org.openqa.selenium.remote.RemoteWebDriver.execute(RemoteWebDriver.java:544)
at org.openqa.selenium.remote.ElementLocation$ElementFinder$2.findElement(ElementLocation.java:165)
at org.openqa.selenium.remote.ElementLocation.findElement(ElementLocation.java:59)
at org.openqa.selenium.remote.RemoteWebDriver.findElement(RemoteWebDriver.java:367)
at org.openqa.selenium.remote.RemoteWebElement.findElement(RemoteWebElement.java:211)
at EcommFinal.PlaceOrder.pageobjects.CartPage.lambda$0(CartPage.java:41)
at java.base/java.util.stream.MatchOps$1MatchSink.accept(MatchOps.java:90)
at java.base/java.util.ArrayList$ArrayListSpliterator.tryAdvance(ArrayList.java:1685)
at java.base/java.util.stream.ReferencePipeline.forEachWithCancel(ReferencePipeline.java:129)
at java.base/java.util.stream.AbstractPipeline.copyIntoWithCancel(AbstractPipeline.java:527)
at java.base/java.util.stream.AbstractPipeline.copyInto(AbstractPipeline.java:513)
at java.base/java.util.stream.AbstractPipeline.wrapAndCopyInto(AbstractPipeline.java:499)
at java.base/java.util.stream.MatchOps$MatchOp.evaluateSequential(MatchOps.java:230)
at java.base/java.util.stream.MatchOps$MatchOp.evaluateSequential(MatchOps.java:196)
at java.base/java.util.stream.AbstractPipeline.evaluate(AbstractPipeline.java:234)
at java.base/java.util.stream.ReferencePipeline.anyMatch(ReferencePipeline.java:632)
at EcommFinal.PlaceOrder.pageobjects.CartPage.verifyProductList(CartPage.java:41)
at standalone.tests.ErrorValidationsTest.productErrorValidation(ErrorValidationsTest.java:52)
at java.base/java.util.ArrayList.forEach(ArrayList.java:1596)
at java.base/java.util.concurrent.FutureTask.run(FutureTask.java:317)
at java.base/java.util.concurrent.ThreadPoolExecutor.runWorker(ThreadPoolExecutor.java:1144)
at java.base/java.util.concurrent.ThreadPoolExecutor$Worker.run(ThreadPoolExecutor.java:642)
at java.base/java.lang.Thread.run(Thread.java:1583)
... Removed 18 stack frames]]>
    </failure>
  </testcase> <!-- productErrorValidation -->
</testsuite> <!-- ErrorValidations -->
