<?xml version="1.0" encoding="UTF-8"?>
<!-- Generated by org.testng.reporters.JUnitXMLReporter -->
<testsuite ignored="0" hostname="Ramas-MacBook-Pro.local" failures="0" tests="2" name="ErrorValidations" time="1.097" errors="0" timestamp="2026-03-07T19:43:01 CST">
  <testcase classname="standalone.tests.ErrorValidationsTest" name="loginErrorValidation" time="0.0">
    <skipped/>
  </testcase> <!-- loginErrorValidation -->
  <testcase classname="standalone.tests.ErrorValidationsTest" name="productErrorValidation" time="0.0">
    <skipped/>
  </testcase> <!-- productErrorValidation -->
</testsuite> <!-- ErrorValidations -->
